0 info it worked if it ends with ok
1 verbose cli [ 'C:\\Program Files\\nodejs\\node.exe',
1 verbose cli   'C:\\Program Files\\nodejs\\node_modules\\npm\\bin\\npm-cli.js',
1 verbose cli   'install',
1 verbose cli   'angular' ]
2 info using npm@2.15.1
3 info using node@v4.4.3
4 verbose install initial load of C:\Users\ricka\Documents\Utveckling\Liverattning\package.json
5 verbose readDependencies loading dependencies from C:\Users\ricka\Documents\Utveckling\Liverattning\package.json
6 silly cache add args [ 'angular', null ]
7 verbose cache add spec angular
8 silly cache add parsed spec Result {
8 silly cache add   raw: 'angular',
8 silly cache add   scope: null,
8 silly cache add   name: 'angular',
8 silly cache add   rawSpec: '',
8 silly cache add   spec: 'latest',
8 silly cache add   type: 'tag' }
9 silly addNamed angular@latest
10 verbose addNamed "latest" is being treated as a dist-tag for angular
11 info addNameTag [ 'angular', 'latest' ]
12 silly mapToRegistry name angular
13 silly mapToRegistry using default registry
14 silly mapToRegistry registry https://registry.npmjs.org/
15 silly mapToRegistry data Result {
15 silly mapToRegistry   raw: 'angular',
15 silly mapToRegistry   scope: null,
15 silly mapToRegistry   name: 'angular',
15 silly mapToRegistry   rawSpec: '',
15 silly mapToRegistry   spec: 'latest',
15 silly mapToRegistry   type: 'tag' }
16 silly mapToRegistry uri https://registry.npmjs.org/angular
17 verbose addNameTag registry:https://registry.npmjs.org/angular not in flight; fetching
18 verbose request uri https://registry.npmjs.org/angular
19 verbose request no auth needed
20 info attempt registry request try #1 at 19:16:41
21 verbose request id 0476850656ce7dc4
22 http request GET https://registry.npmjs.org/angular
23 info retry will retry, error on last attempt: Error: Hostname/IP doesn't match certificate's altnames: "Host: registry.npmjs.org. is not in the cert's altnames: DNS:www.ombord.info, DNS:ombord.info"
24 info attempt registry request try #2 at 19:16:51
25 http request GET https://registry.npmjs.org/angular
26 info retry will retry, error on last attempt: Error: Hostname/IP doesn't match certificate's altnames: "Host: registry.npmjs.org. is not in the cert's altnames: DNS:www.ombord.info, DNS:ombord.info"
27 info attempt registry request try #3 at 19:17:51
28 http request GET https://registry.npmjs.org/angular
29 verbose stack Error: Hostname/IP doesn't match certificate's altnames: "Host: registry.npmjs.org. is not in the cert's altnames: DNS:www.ombord.info, DNS:ombord.info"
29 verbose stack     at Object.checkServerIdentity (tls.js:186:15)
29 verbose stack     at TLSSocket.<anonymous> (_tls_wrap.js:1023:29)
29 verbose stack     at emitNone (events.js:67:13)
29 verbose stack     at TLSSocket.emit (events.js:166:7)
29 verbose stack     at TLSSocket._init.ssl.onclienthello.ssl.oncertcb.TLSSocket._finishInit (_tls_wrap.js:582:8)
29 verbose stack     at TLSWrap.ssl.onclienthello.ssl.oncertcb.ssl.onnewsession.ssl.onhandshakedone (_tls_wrap.js:424:38)
30 verbose cwd C:\Users\ricka\Documents\Utveckling\Liverattning
31 error Windows_NT 10.0.10586
32 error argv "C:\\Program Files\\nodejs\\node.exe" "C:\\Program Files\\nodejs\\node_modules\\npm\\bin\\npm-cli.js" "install" "angular"
33 error node v4.4.3
34 error npm  v2.15.1
35 error Hostname/IP doesn't match certificate's altnames: "Host: registry.npmjs.org. is not in the cert's altnames: DNS:www.ombord.info, DNS:ombord.info"
36 error If you need help, you may report this error at:
36 error     <https://github.com/npm/npm/issues>
37 verbose exit [ 1, true ]
